<?xml version="1.0" encoding="UTF-8" ?>
<testsuite errors="0" failures="1" hostname="farnsworth-L702X" name="com.example.exampleMod.ExampleTest" skipped="0" tests="1" time="0.037" timestamp="2014-05-22T21:46:28">
  <properties>
[...]
</properties>
  <testcase classname="junit.framework.TestSuite$1" name="warning" time="0.004">
    <failure message="No tests found in com.example.exampleMod.ExampleTest" type="junit.framework.AssertionFailedError">junit.framework.AssertionFailedError: No tests found in com.example.exampleMod.ExampleTest
</failure>
  </testcase>
  <system-out><![CDATA[]]></system-out>
  <system-err><![CDATA[]]></system-err>
</testsuite>
